{"logLevel":"debug","message":"multithreading is set to false"}
{"logLevel":"debug","message":"Using reflection to scan dependencies for gauge implementations..."}
SLF4J: Failed to load class "org.slf4j.impl.StaticLoggerBinder".
SLF4J: Defaulting to no-operation (NOP) logger implementation
SLF4J: See http://www.slf4j.org/codes.html#StaticLoggerBinder for further details.
{"logLevel":"debug","message":"gauge-java took 3349milliseconds to load and scan. This should be less than 'runner_connection_timeout' config value."}
{"logLevel":"debug","message":"run 'gauge config runner_connection_timeout' and verify that it is < 3349"}
{"logLevel":"debug","message":"starting gRPC server..."}
{"logLevel":"debug","message":"started gRPC server on port 60980"}
{"logLevel":"info","message":"Listening on port:60980"}
{"logLevel":"debug","message":"Scanning packages for steps"}
{"logLevel":"debug","message":"Comparing 'org.example.StepImplementation.clickByid' and 'org.example.StepImplementation.clickByid'"}
{"logLevel":"debug","message":"Found {} button elementini bul ve tıkla in current project scope."}
{"logLevel":"debug","message":"Comparing 'org.example.StepImplementation.waitForsecond' and 'org.example.StepImplementation.waitForsecond'"}
{"logLevel":"debug","message":"Found {} saniye bekle in current project scope."}
{"logLevel":"debug","message":"Comparing 'org.example.StepImplementation.clickByXpath' and 'org.example.StepImplementation.clickByXpath'"}
{"logLevel":"debug","message":"Found {} Xpath elementine tıkla in current project scope."}
{"logLevel":"debug","message":"Comparing 'org.example.StepImplementation.sendKeysByid' and 'org.example.StepImplementation.sendKeysByid'"}
{"logLevel":"debug","message":"Found {} elementi bul ve {} değerini yaz in current project scope."}
{"logLevel":"debug","message":"Comparing 'org.example.StepImplementation.clickByAid' and 'org.example.StepImplementation.clickByAid'"}
{"logLevel":"debug","message":"Found {} elementine tıkla in current project scope."}
{"logLevel":"debug","message":"Scanning packages for hooks"}
{"logLevel":"debug","message":"Scanned steps (using static parsing + reflections): "}
{"logLevel":"debug","message":"\t{} elementi bul ve {} değerini yaz : public void sendKeysByid(String id, String text)"}
{"logLevel":"debug","message":"\t{} saniye bekle : public void waitForsecond(ınt time) throws InterruptedException"}
{"logLevel":"debug","message":"\t{} elementine tıkla : public void clickByAid(String Aid)"}
{"logLevel":"debug","message":"\t{} Xpath elementine tıkla : public void clickByXpath(String xpath)"}
{"logLevel":"debug","message":"\t{} button elementini bul ve tıkla : public void clickByid(String id)"}
------------------Local de Android Testi Başlıyor-------------
Eyl 05, 2022 2:38:44 ÖS io.appium.java_client.remote.AppiumCommandExecutor$1 lambda$0
INFO: Detected dialect: W3C
{"logLevel":"debug","message":"Executing '{} saniye bekle' using 'class org.example.StepImplementation.waitForsecond"}
{"logLevel":"debug","message":"Executing '{} button elementini bul ve tıkla' using 'class org.example.StepImplementation.clickByid"}
Element tıklandı.
{"logLevel":"debug","message":"Executing '{} saniye bekle' using 'class org.example.StepImplementation.waitForsecond"}
{"logLevel":"debug","message":"Executing '{} button elementini bul ve tıkla' using 'class org.example.StepImplementation.clickByid"}
Element tıklandı.
{"logLevel":"debug","message":"Executing '{} saniye bekle' using 'class org.example.StepImplementation.waitForsecond"}
{"logLevel":"debug","message":"Executing '{} elementine tıkla' using 'class org.example.StepImplementation.clickByAid"}
Element tıklandı
{"logLevel":"debug","message":"Executing '{} saniye bekle' using 'class org.example.StepImplementation.waitForsecond"}
{"logLevel":"debug","message":"Executing '{} button elementini bul ve tıkla' using 'class org.example.StepImplementation.clickByid"}
Element tıklandı.
{"logLevel":"debug","message":"Executing '{} saniye bekle' using 'class org.example.StepImplementation.waitForsecond"}
{"logLevel":"debug","message":"Executing '{} elementi bul ve {} değerini yaz' using 'class org.example.StepImplementation.sendKeysByid"}
Berlindeğeri yazıldı
{"logLevel":"debug","message":"Executing '{} saniye bekle' using 'class org.example.StepImplementation.waitForsecond"}
{"logLevel":"debug","message":"Executing '{} Xpath elementine tıkla' using 'class org.example.StepImplementation.clickByXpath"}
Element tıklandı
{"logLevel":"debug","message":"Executing '{} saniye bekle' using 'class org.example.StepImplementation.waitForsecond"}
{"logLevel":"debug","message":"Executing '{} button elementini bul ve tıkla' using 'class org.example.StepImplementation.clickByid"}
Element tıklandı.
{"logLevel":"debug","message":"Executing '{} saniye bekle' using 'class org.example.StepImplementation.waitForsecond"}
{"logLevel":"debug","message":"Executing '{} elementi bul ve {} değerini yaz' using 'class org.example.StepImplementation.sendKeysByid"}
İstanbuldeğeri yazıldı
{"logLevel":"debug","message":"Executing '{} saniye bekle' using 'class org.example.StepImplementation.waitForsecond"}
{"logLevel":"debug","message":"Killing Java runner..."}
{"logLevel":"debug","message":"Stopping execution pool..."}
{"logLevel":"debug","message":"Shutting down grpc server..."}
{"logLevel":"debug","message":"Runner killed gracefully."}
